<?xml version="1.0" encoding="UTF-8"?>
<testsuites name="jest tests" tests="2" failures="0" errors="0" time="2.552">
  <testsuite name="App UI" errors="0" failures="0" skipped="0" timestamp="2024-04-24T04:33:08" time="2.513" tests="2">
    <testcase classname="App UI should have a title" name="App UI should have a title" time="0.487">
    </testcase>
    <testcase classname="App UI should have a header" name="App UI should have a header" time="0.167">
    </testcase>
  </testsuite>
</testsuites>