<?xml version="1.0" encoding="UTF-8"?>
<testsuites name="jest tests" tests="9" failures="0" errors="0" time="18.803">
  <testsuite name="App UI" errors="0" failures="0" skipped="0" timestamp="2024-04-25T02:22:51" time="18.751" tests="9">
    <testcase classname="App UI should have a title" name="App UI should have a title" time="0.521">
    </testcase>
    <testcase classname="App UI should have a header" name="App UI should have a header" time="0.248">
    </testcase>
    <testcase classname="Login Test should log in with incorrect credentials" name="Login Test should log in with incorrect credentials" time="1.755">
    </testcase>
    <testcase classname="Login Test should log in with correct credentials" name="Login Test should log in with correct credentials" time="1.378">
    </testcase>
    <testcase classname="Login Test should go to image and like image" name="Login Test should go to image and like image" time="2.652">
    </testcase>
    <testcase classname="Login Test should go to image and unlike image" name="Login Test should go to image and unlike image" time="2.431">
    </testcase>
    <testcase classname="Download Test should navigate to the correct URL when the first image is clicked" name="Download Test should navigate to the correct URL when the first image is clicked" time="1.08">
    </testcase>
    <testcase classname="Download Test should download the image when the download button is clicked" name="Download Test should download the image when the download button is clicked" time="1.129">
    </testcase>
    <testcase classname="Search Test should search for an image" name="Search Test should search for an image" time="2.883">
    </testcase>
  </testsuite>
</testsuites>