<?xml version="1.0" encoding="UTF-8"?>
<testsuites name="jest tests" tests="6" failures="0" errors="0" time="2.101">
  <testsuite name="User Model" errors="0" failures="0" skipped="0" timestamp="2024-03-28T22:08:34" time="2.009" tests="6">
    <testcase classname="User Model should create a new user" name="User Model should create a new user" time="0.143">
    </testcase>
    <testcase classname="User Model should find a user by username" name="User Model should find a user by username" time="0.045">
    </testcase>
    <testcase classname="User Model should update a user" name="User Model should update a user" time="0.183">
    </testcase>
    <testcase classname="User Model should delete a user" name="User Model should delete a user" time="0.074">
    </testcase>
    <testcase classname="User Model should not find a non-existing user" name="User Model should not find a non-existing user" time="0.035">
    </testcase>
    <testcase classname="User Model should hash the password before saving" name="User Model should hash the password before saving" time="0.105">
    </testcase>
  </testsuite>
</testsuites>