<?xml version="1.0" encoding="UTF-8"?>
<testsuites name="jest tests" tests="7" failures="1" errors="0" time="9.883">
  <testsuite name="App UI" errors="0" failures="1" skipped="0" timestamp="2024-04-24T06:40:12" time="9.851" tests="7">
    <testcase classname="App UI should have a title" name="App UI should have a title" time="0.521">
    </testcase>
    <testcase classname="App UI should have a header" name="App UI should have a header" time="0.18">
    </testcase>
    <testcase classname="Login Test should log in with incorrect credentials" name="Login Test should log in with incorrect credentials" time="1.571">
    </testcase>
    <testcase classname="Login Test should log in with correct credentials" name="Login Test should log in with correct credentials" time="1.321">
    </testcase>
    <testcase classname="Login Test should go to image and like image" name="Login Test should go to image and like image" time="1.51">
      <failure>Error: expect(received).toBe(expected) // Object.is equality

Expected: &quot;Likes: 2&quot;
Received: &quot;Likes: 3&quot;
    at Object.toBe (/Users/lunar/Desktop/tuktuk/test/app.ui.test.js:91:32)</failure>
    </testcase>
    <testcase classname="Download Test should navigate to the correct URL when the first image is clicked" name="Download Test should navigate to the correct URL when the first image is clicked" time="0.594">
    </testcase>
    <testcase classname="Download Test should download the image when the download button is clicked" name="Download Test should download the image when the download button is clicked" time="1.108">
    </testcase>
  </testsuite>
</testsuites>